<?xml version="1.0" encoding="UTF-8"?>
<testng-results ignored="0" total="1" passed="0" failed="0" skipped="1">
  <reporter-output>
  </reporter-output>
  <suite started-at="2023-01-04T17:52:36 IST" name="Default suite" finished-at="2023-01-04T17:52:36 IST" duration-ms="76">
    <groups>
    </groups>
    <test started-at="2023-01-04T17:52:36 IST" name="Default test" finished-at="2023-01-04T17:52:36 IST" duration-ms="76">
      <class name="end2EndScenario.GetSingleProjectTest">
        <test-method is-config="true" signature="bsConfig()[pri:0, instance:end2EndScenario.GetSingleProjectTest@58695725]" started-at="2023-01-04T17:52:36 IST" name="bsConfig" finished-at="2023-01-04T17:52:36 IST" duration-ms="38" status="FAIL">
          <exception class="java.sql.SQLException">
            <message>
              <![CDATA[The url cannot be null]]>
            </message>
            <full-stacktrace>
              <![CDATA[java.sql.SQLException: The url cannot be null
at java.sql/java.sql.DriverManager.getConnection(DriverManager.java:660)
at java.sql/java.sql.DriverManager.getConnection(DriverManager.java:251)
at genericUtility.DatabaseLibrary.connectToDB(DatabaseLibrary.java:19)
at genericUtility.BaseClassWithSpecBuilder.bsConfig(BaseClassWithSpecBuilder.java:31)
at java.base/jdk.internal.reflect.NativeMethodAccessorImpl.invoke0(Native Method)
at java.base/jdk.internal.reflect.NativeMethodAccessorImpl.invoke(NativeMethodAccessorImpl.java:78)
at java.base/jdk.internal.reflect.DelegatingMethodAccessorImpl.invoke(DelegatingMethodAccessorImpl.java:43)
at java.base/java.lang.reflect.Method.invoke(Method.java:567)
at org.testng.internal.MethodInvocationHelper.invokeMethod(MethodInvocationHelper.java:133)
at org.testng.internal.MethodInvocationHelper.invokeMethodConsideringTimeout(MethodInvocationHelper.java:62)
at org.testng.internal.ConfigInvoker.invokeConfigurationMethod(ConfigInvoker.java:385)
at org.testng.internal.ConfigInvoker.invokeConfigurations(ConfigInvoker.java:321)
at org.testng.SuiteRunner.privateRun(SuiteRunner.java:317)
at org.testng.SuiteRunner.run(SuiteRunner.java:276)
at org.testng.SuiteRunnerWorker.runSuite(SuiteRunnerWorker.java:53)
at org.testng.SuiteRunnerWorker.run(SuiteRunnerWorker.java:96)
at org.testng.TestNG.runSuitesSequentially(TestNG.java:1212)
at org.testng.TestNG.runSuitesLocally(TestNG.java:1134)
at org.testng.TestNG.runSuites(TestNG.java:1063)
at org.testng.TestNG.run(TestNG.java:1031)
at org.testng.remote.AbstractRemoteTestNG.run(AbstractRemoteTestNG.java:115)
at org.testng.remote.RemoteTestNG.initAndRun(RemoteTestNG.java:251)
at org.testng.remote.RemoteTestNG.main(RemoteTestNG.java:77)
]]>
            </full-stacktrace>
          </exception> <!-- java.sql.SQLException -->
          <reporter-output>
          </reporter-output>
        </test-method> <!-- bsConfig -->
        <test-method signature="getSingleProjectTest()[pri:0, instance:end2EndScenario.GetSingleProjectTest@58695725]" started-at="2023-01-04T17:52:36 IST" name="getSingleProjectTest" finished-at="2023-01-04T17:52:36 IST" duration-ms="0" status="SKIP">
          <exception class="java.sql.SQLException">
            <message>
              <![CDATA[The url cannot be null]]>
            </message>
            <full-stacktrace>
              <![CDATA[java.sql.SQLException: The url cannot be null
at java.sql/java.sql.DriverManager.getConnection(DriverManager.java:660)
at java.sql/java.sql.DriverManager.getConnection(DriverManager.java:251)
at genericUtility.DatabaseLibrary.connectToDB(DatabaseLibrary.java:19)
at genericUtility.BaseClassWithSpecBuilder.bsConfig(BaseClassWithSpecBuilder.java:31)
at java.base/jdk.internal.reflect.NativeMethodAccessorImpl.invoke0(Native Method)
at java.base/jdk.internal.reflect.NativeMethodAccessorImpl.invoke(NativeMethodAccessorImpl.java:78)
at java.base/jdk.internal.reflect.DelegatingMethodAccessorImpl.invoke(DelegatingMethodAccessorImpl.java:43)
at java.base/java.lang.reflect.Method.invoke(Method.java:567)
at org.testng.internal.MethodInvocationHelper.invokeMethod(MethodInvocationHelper.java:133)
at org.testng.internal.MethodInvocationHelper.invokeMethodConsideringTimeout(MethodInvocationHelper.java:62)
at org.testng.internal.ConfigInvoker.invokeConfigurationMethod(ConfigInvoker.java:385)
at org.testng.internal.ConfigInvoker.invokeConfigurations(ConfigInvoker.java:321)
at org.testng.SuiteRunner.privateRun(SuiteRunner.java:317)
at org.testng.SuiteRunner.run(SuiteRunner.java:276)
at org.testng.SuiteRunnerWorker.runSuite(SuiteRunnerWorker.java:53)
at org.testng.SuiteRunnerWorker.run(SuiteRunnerWorker.java:96)
at org.testng.TestNG.runSuitesSequentially(TestNG.java:1212)
at org.testng.TestNG.runSuitesLocally(TestNG.java:1134)
at org.testng.TestNG.runSuites(TestNG.java:1063)
at org.testng.TestNG.run(TestNG.java:1031)
at org.testng.remote.AbstractRemoteTestNG.run(AbstractRemoteTestNG.java:115)
at org.testng.remote.RemoteTestNG.initAndRun(RemoteTestNG.java:251)
at org.testng.remote.RemoteTestNG.main(RemoteTestNG.java:77)
]]>
            </full-stacktrace>
          </exception> <!-- java.sql.SQLException -->
          <reporter-output>
          </reporter-output>
        </test-method> <!-- getSingleProjectTest -->
        <test-method is-config="true" signature="asConfig()[pri:0, instance:end2EndScenario.GetSingleProjectTest@58695725]" started-at="2023-01-04T17:52:36 IST" name="asConfig" finished-at="1970-01-01T05:30:00 IST" duration-ms="-1672834956585" status="SKIP">
          <reporter-output>
          </reporter-output>
        </test-method> <!-- asConfig -->
      </class> <!-- end2EndScenario.GetSingleProjectTest -->
    </test> <!-- Default test -->
  </suite> <!-- Default suite -->
</testng-results>
